info: Logger Mode: Dev
info: Logger Mode: dev
info: Logger Mode: dev
info: Logger Mode: dev
info: Logger Mode: dev
info: Logger Mode: dev
info: Logger Mode: dev
info: Logger Mode: dev
info: Logger Mode: dev
http: 8/10/2025 08:33:44 - GET en /.well-known/appspecific/com.chrome.devtools.json
http: 8/10/2025 08:33:46 - GET en /.well-known/appspecific/com.chrome.devtools.json
http: 8/10/2025 08:33:49 - GET en /.well-known/appspecific/com.chrome.devtools.json
http: 8/10/2025 08:33:51 - GET en /.well-known/appspecific/com.chrome.devtools.json
http: 8/10/2025 08:33:52 - GET en /.well-known/appspecific/com.chrome.devtools.json
http: 8/10/2025 08:33:54 - GET en /.well-known/appspecific/com.chrome.devtools.json
http: 8/10/2025 08:34:03 - GET en /.well-known/appspecific/com.chrome.devtools.json
http: 8/10/2025 08:34:19 - GET en /.well-known/appspecific/com.chrome.devtools.json
http: 8/10/2025 08:34:52 - GET en /.well-known/appspecific/com.chrome.devtools.json
http: 8/10/2025 08:34:53 - GET en /favicon.ico
info: Logger Mode: dev
info: Logger Mode: dev
http: 8/10/2025 08:42:33 - GET en /.well-known/appspecific/com.chrome.devtools.json
http: 8/10/2025 08:42:36 - GET en /.well-known/appspecific/com.chrome.devtools.json
http: 8/10/2025 08:42:38 - GET en /.well-known/appspecific/com.chrome.devtools.json
http: 8/10/2025 08:42:42 - GET en /.well-known/appspecific/com.chrome.devtools.json
http: 8/10/2025 08:42:43 - GET en /.well-known/appspecific/com.chrome.devtools.json
http: 8/10/2025 08:42:49 - GET en /.well-known/appspecific/com.chrome.devtools.json
http: 8/10/2025 08:43:04 - GET en /.well-known/appspecific/com.chrome.devtools.json
info: Logger Mode: dev
info: Logger Mode: dev
http: 8/10/2025 08:47:25 - GET en /.well-known/appspecific/com.chrome.devtools.json
http: 8/10/2025 08:47:27 - GET en /.well-known/appspecific/com.chrome.devtools.json
http: 8/10/2025 08:47:29 - GET en /.well-known/appspecific/com.chrome.devtools.json
http: 8/10/2025 08:47:32 - GET en /.well-known/appspecific/com.chrome.devtools.json
http: 8/10/2025 08:47:33 - GET en /.well-known/appspecific/com.chrome.devtools.json
http: 8/10/2025 08:47:37 - GET en /.well-known/appspecific/com.chrome.devtools.json
info: Logger Mode: dev
info: Logger Mode: dev
http: 8/10/2025 08:48:37 - GET en /.well-known/appspecific/com.chrome.devtools.json
http: 8/10/2025 08:48:43 - GET en /.well-known/appspecific/com.chrome.devtools.json
http: 8/10/2025 08:48:47 - GET en /.well-known/appspecific/com.chrome.devtools.json
http: 8/10/2025 08:48:49 - GET en /.well-known/appspecific/com.chrome.devtools.json
http: 8/10/2025 08:48:54 - GET en /.well-known/appspecific/com.chrome.devtools.json
http: 8/10/2025 08:48:55 - GET en /.well-known/appspecific/com.chrome.devtools.json
info: Logger Mode: dev
info: Logger Mode: dev
http: 8/10/2025 08:51:57 - GET en /.well-known/appspecific/com.chrome.devtools.json
http: 8/10/2025 08:51:59 - GET en /.well-known/appspecific/com.chrome.devtools.json
http: 8/10/2025 08:52:02 - GET en /.well-known/appspecific/com.chrome.devtools.json
http: 8/10/2025 08:52:12 - GET en /.well-known/appspecific/com.chrome.devtools.json
http: 8/10/2025 08:52:32 - GET en /.well-known/appspecific/com.chrome.devtools.json
http: 8/10/2025 08:52:35 - GET en /.well-known/appspecific/com.chrome.devtools.json
http: 8/10/2025 08:52:50 - GET en /.well-known/appspecific/com.chrome.devtools.json
http: 8/10/2025 08:52:53 - GET en /.well-known/appspecific/com.chrome.devtools.json
http: 8/10/2025 08:52:53 - GET en /.well-known/appspecific/com.chrome.devtools.json
http: 8/10/2025 08:53:21 - GET en /.well-known/appspecific/com.chrome.devtools.json
http: 8/10/2025 08:53:37 - GET en /.well-known/appspecific/com.chrome.devtools.json
http: 8/10/2025 08:53:40 - GET en /.well-known/appspecific/com.chrome.devtools.json
http: 8/10/2025 08:53:50 - GET en /products/68e6507fba79c87181981dd0/delete
http: 8/10/2025 08:53:54 - GET en /.well-known/appspecific/com.chrome.devtools.json
http: 8/10/2025 08:53:57 - GET en /.well-known/appspecific/com.chrome.devtools.json
http: 8/10/2025 08:53:59 - GET en /.well-known/appspecific/com.chrome.devtools.json
http: 8/10/2025 08:54:08 - GET en /.well-known/appspecific/com.chrome.devtools.json
http: 8/10/2025 08:54:14 - GET en /.well-known/appspecific/com.chrome.devtools.json
http: 8/10/2025 08:54:24 - GET en /.well-known/appspecific/com.chrome.devtools.json
info: Logger Mode: dev
info: Logger Mode: dev
info: Logger Mode: dev
info: Logger Mode: dev
info: Logger Mode: dev
http: 8/10/2025 10:13:04 - GET en /.well-known/appspecific/com.chrome.devtools.json
http: 8/10/2025 10:13:15 - GET en /.well-known/appspecific/com.chrome.devtools.json
info: Logger Mode: dev
http: 8/10/2025 10:13:49 - GET en /.well-known/appspecific/com.chrome.devtools.json
info: Logger Mode: dev
info: Logger Mode: dev
http: 8/10/2025 10:15:47 - GET en /.well-known/appspecific/com.chrome.devtools.json
http: 8/10/2025 10:15:49 - GET en /.well-known/appspecific/com.chrome.devtools.json
info: Logger Mode: dev
http: 8/10/2025 10:17:07 - GET en /.well-known/appspecific/com.chrome.devtools.json
info: Logger Mode: dev
info: Logger Mode: dev
info: Logger Mode: dev
info: Logger Mode: dev
info: Logger Mode: dev
info: Logger Mode: dev
http: 8/10/2025 10:20:29 - GET en /.well-known/appspecific/com.chrome.devtools.json
info: Logger Mode: dev
info: Logger Mode: dev
http: 8/10/2025 10:21:07 - GET en /.well-known/appspecific/com.chrome.devtools.json
http: 8/10/2025 10:21:42 - GET en /.well-known/appspecific/com.chrome.devtools.json
http: 8/10/2025 10:22:32 - GET en /.well-known/appspecific/com.chrome.devtools.json
http: 8/10/2025 10:23:41 - GET en /.well-known/appspecific/com.chrome.devtools.json
http: 8/10/2025 10:24:34 - GET en /.well-known/appspecific/com.chrome.devtools.json
http: 8/10/2025 10:24:51 - GET en /.well-known/appspecific/com.chrome.devtools.json
http: 8/10/2025 10:24:54 - GET en /.well-known/appspecific/com.chrome.devtools.json
http: 8/10/2025 10:31:13 - GET en /.well-known/appspecific/com.chrome.devtools.json
http: 8/10/2025 10:32:18 - GET en /.well-known/appspecific/com.chrome.devtools.json
http: 8/10/2025 10:32:27 - GET en /.well-known/appspecific/com.chrome.devtools.json
http: 8/10/2025 10:32:35 - GET en /.well-known/appspecific/com.chrome.devtools.json
http: 8/10/2025 10:32:41 - GET en /.well-known/appspecific/com.chrome.devtools.json
http: 8/10/2025 10:32:46 - GET en /.well-known/appspecific/com.chrome.devtools.json
http: 8/10/2025 10:32:47 - GET en /.well-known/appspecific/com.chrome.devtools.json
http: 8/10/2025 10:32:49 - GET en /.well-known/appspecific/com.chrome.devtools.json
http: 8/10/2025 10:32:54 - GET en /.well-known/appspecific/com.chrome.devtools.json
http: 8/10/2025 10:32:54 - GET en /.well-known/appspecific/com.chrome.devtools.json
info: Logger Mode: dev
info: Logger Mode: dev
http: 8/10/2025 10:50:58 - GET en /.well-known/appspecific/com.chrome.devtools.json
http: 8/10/2025 10:51:05 - GET en /.well-known/appspecific/com.chrome.devtools.json
http: 8/10/2025 10:51:24 - GET en /.well-known/appspecific/com.chrome.devtools.json
http: 8/10/2025 10:51:30 - GET en /.well-known/appspecific/com.chrome.devtools.json
http: 8/10/2025 10:51:30 - GET en /.well-known/appspecific/com.chrome.devtools.json
http: 8/10/2025 10:51:32 - GET en /.well-known/appspecific/com.chrome.devtools.json
http: 8/10/2025 10:51:39 - GET en /.well-known/appspecific/com.chrome.devtools.json
http: 8/10/2025 10:51:45 - GET en /.well-known/appspecific/com.chrome.devtools.json
http: 8/10/2025 10:51:49 - GET en /.well-known/appspecific/com.chrome.devtools.json
http: 8/10/2025 10:51:52 - GET en /.well-known/appspecific/com.chrome.devtools.json
http: 8/10/2025 10:51:52 - GET en /.well-known/appspecific/com.chrome.devtools.json
http: 8/10/2025 10:51:56 - GET en /.well-known/appspecific/com.chrome.devtools.json
http: 8/10/2025 10:51:58 - GET en /.well-known/appspecific/com.chrome.devtools.json
http: 8/10/2025 10:52:05 - GET en /.well-known/appspecific/com.chrome.devtools.json
http: 8/10/2025 10:52:10 - GET en /.well-known/appspecific/com.chrome.devtools.json
http: 8/10/2025 10:52:34 - GET en /.well-known/appspecific/com.chrome.devtools.json
http: 8/10/2025 10:53:41 - GET en /.well-known/appspecific/com.chrome.devtools.json
http: 8/10/2025 10:53:44 - GET en /.well-known/appspecific/com.chrome.devtools.json
http: 8/10/2025 10:53:47 - GET en /.well-known/appspecific/com.chrome.devtools.json
http: 8/10/2025 10:53:54 - GET en /.well-known/appspecific/com.chrome.devtools.json
info: Logger Mode: dev
http: 8/10/2025 04:38:36 - GET en /.well-known/appspecific/com.chrome.devtools.json
http: 8/10/2025 04:40:02 - GET en /.well-known/appspecific/com.chrome.devtools.json
http: 8/10/2025 04:41:19 - GET en /.well-known/appspecific/com.chrome.devtools.json
http: 8/10/2025 04:41:37 - GET en /.well-known/appspecific/com.chrome.devtools.json
http: 8/10/2025 04:41:51 - GET en /.well-known/appspecific/com.chrome.devtools.json
http: 8/10/2025 04:42:06 - GET en /.well-known/appspecific/com.chrome.devtools.json
http: 8/10/2025 04:42:10 - GET en /.well-known/appspecific/com.chrome.devtools.json
http: 8/10/2025 04:44:19 - GET en /.well-known/appspecific/com.chrome.devtools.json
http: 8/10/2025 04:44:27 - GET en /.well-known/appspecific/com.chrome.devtools.json
http: 8/10/2025 04:44:32 - GET en /.well-known/appspecific/com.chrome.devtools.json
http: 8/10/2025 04:46:04 - GET en /.well-known/appspecific/com.chrome.devtools.json
http: 8/10/2025 04:46:09 - GET en /.well-known/appspecific/com.chrome.devtools.json
http: 8/10/2025 04:46:10 - GET en /.well-known/appspecific/com.chrome.devtools.json
http: 8/10/2025 04:46:12 - GET en /.well-known/appspecific/com.chrome.devtools.json
http: 8/10/2025 04:46:14 - GET en /.well-known/appspecific/com.chrome.devtools.json
http: 8/10/2025 04:46:57 - GET en /.well-known/appspecific/com.chrome.devtools.json
http: 8/10/2025 04:47:30 - GET en /.well-known/appspecific/com.chrome.devtools.json
http: 8/10/2025 04:47:39 - GET en /.well-known/appspecific/com.chrome.devtools.json
http: 8/10/2025 04:47:46 - GET en /.well-known/appspecific/com.chrome.devtools.json
http: 8/10/2025 04:47:58 - GET en /.well-known/appspecific/com.chrome.devtools.json
http: 8/10/2025 04:47:58 - GET en /.well-known/appspecific/com.chrome.devtools.json
http: 8/10/2025 04:47:59 - GET en /.well-known/appspecific/com.chrome.devtools.json
http: 8/10/2025 04:47:59 - GET en /.well-known/appspecific/com.chrome.devtools.json
http: 8/10/2025 04:48:01 - GET en /.well-known/appspecific/com.chrome.devtools.json
http: 8/10/2025 04:48:06 - GET en /.well-known/appspecific/com.chrome.devtools.json
http: 8/10/2025 04:48:08 - GET en /.well-known/appspecific/com.chrome.devtools.json
info: Logger Mode: dev
http: 8/10/2025 06:27:26 - GET en /favicon.ico
info: Logger Mode: dev
info: Logger Mode: dev
